<?xml version="1.0" encoding="UTF-8"?>
<!-- Generated by org.testng.reporters.JUnitReportReporter -->
<testsuite hostname="MayankSaxena" failures="0" tests="1" name="TestScripts.TC_Therapist_Signup" time="89.558" errors="0" timestamp="2023-03-28T12:13:39 IST" skipped="0">
  <testcase classname="TestScripts.TC_Therapist_Signup" name="signup" time="89.558"/>
  <system-out/>
</testsuite> <!-- TestScripts.TC_Therapist_Signup -->
