<?xml version="1.0" encoding="UTF-8"?>
<!-- Generated by org.testng.reporters.JUnitReportReporter -->
<testsuite hostname="MayankSaxena" failures="0" tests="1" name="TestScripts.TC_Signup" time="26.292" errors="0" timestamp="2023-03-28T10:30:23 IST" skipped="0">
  <testcase classname="TestScripts.TC_Signup" name="signup" time="26.292"/>
  <system-out/>
</testsuite> <!-- TestScripts.TC_Signup -->
